Performing C SOURCE FILE Test CMAKE_HAVE_LIBC_PTHREAD failed with the following output:
Change Dir: /home/jose/ros_ws/src/gr_navigation/gr_control/gr_control_gui/build/CMakeFiles/CMakeTmp

Run Build Command(s):/usr/bin/ninja cmTC_eda94 && [1/2] Building C object CMakeFiles/cmTC_eda94.dir/src.c.o
[2/2] Linking C executable cmTC_eda94
FAILED: cmTC_eda94 
: && /usr/bin/cc -DCMAKE_HAVE_LIBC_PTHREAD -rdynamic CMakeFiles/cmTC_eda94.dir/src.c.o -o cmTC_eda94   && :
CMakeFiles/cmTC_eda94.dir/src.c.o: In function `main':
src.c:(.text+0x3e): undefined reference to `pthread_create'
src.c:(.text+0x4a): undefined reference to `pthread_detach'
src.c:(.text+0x56): undefined reference to `pthread_cancel'
src.c:(.text+0x67): undefined reference to `pthread_join'
src.c:(.text+0x7b): undefined reference to `pthread_atfork'
collect2: error: ld returned 1 exit status
ninja: build stopped: subcommand failed.


Source file was:
#include <pthread.h>

void* test_func(void* data)
{
  return data;
}

int main(void)
{
  pthread_t thread;
  pthread_create(&thread, NULL, test_func, NULL);
  pthread_detach(thread);
  pthread_cancel(thread);
  pthread_join(thread, NULL);
  pthread_atfork(NULL, NULL, NULL);
  pthread_exit(NULL);

  return 0;
}

Determining if the function pthread_create exists in the pthreads failed with the following output:
Change Dir: /home/jose/ros_ws/src/gr_navigation/gr_control/gr_control_gui/build/CMakeFiles/CMakeTmp

Run Build Command(s):/usr/bin/ninja cmTC_027ba && [1/2] Building C object CMakeFiles/cmTC_027ba.dir/CheckFunctionExists.c.o
[2/2] Linking C executable cmTC_027ba
FAILED: cmTC_027ba 
: && /usr/bin/cc -DCHECK_FUNCTION_EXISTS=pthread_create -rdynamic CMakeFiles/cmTC_027ba.dir/CheckFunctionExists.c.o -o cmTC_027ba  -lpthreads && :
/usr/bin/ld: cannot find -lpthreads
collect2: error: ld returned 1 exit status
ninja: build stopped: subcommand failed.



